Change Component Designator: Old Designator=C84 New Designator=C132
Change Component Designator: Old Designator=C85 New Designator=C133
Change Component Designator: Old Designator=C86 New Designator=C134
Change Component Designator: Old Designator=C87 New Designator=C135
Change Component Designator: Old Designator=C88 New Designator=C136
Change Component Designator: Old Designator=C89 New Designator=C137
Change Component Designator: Old Designator=C90 New Designator=C138
Change Component Designator: Old Designator=C91 New Designator=C139
Change Component Designator: Old Designator=C92 New Designator=C140
Change Component Designator: Old Designator=C93 New Designator=C141
Change Component Designator: Old Designator=C94 New Designator=C142
Change Component Designator: Old Designator=C95 New Designator=C143
Change Component Designator: Old Designator=C96 New Designator=C144
Change Component Designator: Old Designator=C97 New Designator=C145
Change Component Designator: Old Designator=C98 New Designator=C146
Change Component Designator: Old Designator=C99 New Designator=C147
Change Component Designator: Old Designator=C100 New Designator=C148
Change Component Designator: Old Designator=C101 New Designator=C149
Change Component Designator: Old Designator=C102 New Designator=C150
Change Component Designator: Old Designator=C103 New Designator=C151
Change Component Designator: Old Designator=C104 New Designator=C152
Change Component Designator: Old Designator=C105 New Designator=C153
Change Component Designator: Old Designator=C106 New Designator=C154
Change Component Designator: Old Designator=C107 New Designator=C155
Change Component Designator: Old Designator=C108 New Designator=C156
Change Component Designator: Old Designator=C109 New Designator=C157
Change Component Designator: Old Designator=C110 New Designator=C158
Change Component Designator: Old Designator=C111 New Designator=C159
Change Component Designator: Old Designator=C112 New Designator=C160
Change Component Designator: Old Designator=C113 New Designator=C161
Change Component Designator: Old Designator=C114 New Designator=C162
Change Component Designator: Old Designator=C115 New Designator=C163
Change Component Designator: Old Designator=C116 New Designator=C164
Change Component Designator: Old Designator=C117 New Designator=C165
Change Component Designator: Old Designator=C118 New Designator=C166
Change Component Designator: Old Designator=L5 New Designator=L8
Change Component Designator: Old Designator=L6 New Designator=L9
Change Component Designator: Old Designator=R85 New Designator=R132
Change Component Designator: Old Designator=R86 New Designator=R133
Change Component Designator: Old Designator=R87 New Designator=R134
Change Component Designator: Old Designator=R88 New Designator=R135
Change Component Designator: Old Designator=R89 New Designator=R136
Change Component Designator: Old Designator=R90 New Designator=R137
Change Component Designator: Old Designator=R91 New Designator=R138
Change Component Designator: Old Designator=R92 New Designator=R139
Change Component Designator: Old Designator=R93 New Designator=R140
Change Component Designator: Old Designator=R94 New Designator=R141
Change Component Designator: Old Designator=R95 New Designator=R142
Change Component Designator: Old Designator=R96 New Designator=R143
Change Component Designator: Old Designator=R97 New Designator=R144
Change Component Designator: Old Designator=U17 New Designator=U20
Change Component Designator: Old Designator=U17 New Designator=U20
Change Component Designator: Old Designator=U17 New Designator=U20
Change Component Designator: Old Designator=U17 New Designator=U20
Change Component Designator: Old Designator=U17 New Designator=U20
Change Component Designator: Old Designator=U17 New Designator=U20
Change Component Designator: Old Designator=U17 New Designator=U20
Change Component Designator: Old Designator=U18 New Designator=U21
Change Component Designator: Old Designator=U21 New Designator=U24
Change Component Designator: Old Designator=U22 New Designator=U25
Change Component Designator: Old Designator=U? New Designator=U22
Change Component Designator: Old Designator=U? New Designator=U23
Change Component Designator: Old Designator=U? New Designator=U26
Change Component Designator: Old Designator=U? New Designator=U27
