Removed Pin From Net: NetName=GND Pin=C131-1
Removed Pin From Net: NetName=3.3VD Pin=C131-2
Removed Pin From Net: NetName=GPIOB8 Pin=R115-1
Removed Pin From Net: NetName=GPIOB9 Pin=R123-1
Removed Pin From Net: NetName=GND Pin=U19-1
Removed Pin From Net: NetName=MCLKXA Pin=U19-4
Removed Pin From Net: NetName=MFSRA Pin=U19-5
Removed Pin From Net: NetName=MFSXA Pin=U19-6
Removed Pin From Net: NetName=MCLKRA Pin=U19-7
Removed Pin From Net: NetName=MDXA Pin=U19-8
Removed Pin From Net: NetName=MDRA Pin=U19-9
Removed Pin From Net: NetName=GND Pin=U19-10
Removed Pin From Net: NetName=GND Pin=U19-19
Removed Pin From Net: NetName=3.3VD Pin=U19-20
Removed Member From Class: ClassName=U_EVENTCTRL_DSP Member=C131
Removed Member From Class: ClassName=U_EVENTCTRL_DSP Member=R115
Removed Member From Class: ClassName=U_EVENTCTRL_DSP Member=R117
Removed Member From Class: ClassName=U_EVENTCTRL_DSP Member=R119
Removed Member From Class: ClassName=U_EVENTCTRL_DSP Member=R121
Removed Member From Class: ClassName=U_EVENTCTRL_DSP Member=R123
Removed Member From Class: ClassName=U_EVENTCTRL_DSP Member=R125
Removed Member From Class: ClassName=U_EVENTCTRL_DSP Member=R127
Removed Member From Class: ClassName=U_EVENTCTRL_DSP Member=R129
Removed Member From Class: ClassName=U_EVENTCTRL_DSP Member=U19
Added Pin To Net: NetName=MFSXA Pin=J2-4
Added Pin To Net: NetName=MCLKXA Pin=J2-14
Added Pin To Net: NetName=MDRA Pin=J2-16
Added Pin To Net: NetName=MDXA Pin=J2-17
Added Pin To Net: NetName=MFSRA Pin=J2-18
Added Pin To Net: NetName=MCLKRA Pin=J2-19
Added Pin To Net: NetName=GPIOB8 Pin=U16-57
Added Pin To Net: NetName=GPIOB9 Pin=U16-59
