Change Component Designator: Old Designator=* New Designator=*1
Change Component Designator: Old Designator=* New Designator=*2
Change Component Designator: Old Designator=* New Designator=*3
Change Component Designator: Old Designator=* New Designator=*4
Change Component Designator: Old Designator=* New Designator=*5
Change Component Designator: Old Designator=C1 New Designator=C22
Change Component Designator: Old Designator=C1 New Designator=C23
Change Component Designator: Old Designator=C1 New Designator=C25
Change Component Designator: Old Designator=C1 New Designator=C27
Change Component Designator: Old Designator=C1 New Designator=C35
Change Component Designator: Old Designator=C1 New Designator=C36
Change Component Designator: Old Designator=C1 New Designator=C38
Change Component Designator: Old Designator=C1 New Designator=C40
Change Component Designator: Old Designator=C1 New Designator=C49
Change Component Designator: Old Designator=C1 New Designator=C52
Change Component Designator: Old Designator=C1 New Designator=C53
Change Component Designator: Old Designator=C1 New Designator=C57
Change Component Designator: Old Designator=C1 New Designator=C58
Change Component Designator: Old Designator=C1 New Designator=C60
Change Component Designator: Old Designator=C1 New Designator=C75
Change Component Designator: Old Designator=C1 New Designator=C78
Change Component Designator: Old Designator=C1 New Designator=C81
Change Component Designator: Old Designator=C1 New Designator=C82
Change Component Designator: Old Designator=C1 New Designator=C90
Change Component Designator: Old Designator=C12 New Designator=C20
Change Component Designator: Old Designator=C12 New Designator=C21
Change Component Designator: Old Designator=C13 New Designator=C24
Change Component Designator: Old Designator=C14 New Designator=C26
Change Component Designator: Old Designator=C15 New Designator=C28
Change Component Designator: Old Designator=C15 New Designator=C29
Change Component Designator: Old Designator=C16 New Designator=C30
Change Component Designator: Old Designator=C17 New Designator=C31
Change Component Designator: Old Designator=C18 New Designator=C32
Change Component Designator: Old Designator=C19 New Designator=C33
Change Component Designator: Old Designator=C19 New Designator=C34
Change Component Designator: Old Designator=C19 New Designator=C47
Change Component Designator: Old Designator=C19 New Designator=C50
Change Component Designator: Old Designator=C19 New Designator=C51
Change Component Designator: Old Designator=C19 New Designator=C72
Change Component Designator: Old Designator=C19 New Designator=C73
Change Component Designator: Old Designator=C19 New Designator=C91
Change Component Designator: Old Designator=C20 New Designator=C39
Change Component Designator: Old Designator=C21 New Designator=C41
Change Component Designator: Old Designator=C21 New Designator=C42
Change Component Designator: Old Designator=C21 New Designator=C59
Change Component Designator: Old Designator=C21 New Designator=C61
Change Component Designator: Old Designator=C21 New Designator=C63
Change Component Designator: Old Designator=C21 New Designator=C84
Change Component Designator: Old Designator=C21 New Designator=C85
Change Component Designator: Old Designator=C22 New Designator=C37
Change Component Designator: Old Designator=C23 New Designator=C62
Change Component Designator: Old Designator=C24 New Designator=C64
Change Component Designator: Old Designator=C25 New Designator=C65
Change Component Designator: Old Designator=C26 New Designator=C66
Change Component Designator: Old Designator=C27 New Designator=C67
Change Component Designator: Old Designator=C28 New Designator=C44
Change Component Designator: Old Designator=C31 New Designator=C48
Change Component Designator: Old Designator=C34 New Designator=C70
Change Component Designator: Old Designator=C35 New Designator=C71
Change Component Designator: Old Designator=C36 New Designator=C74
Change Component Designator: Old Designator=C37 New Designator=C76
Change Component Designator: Old Designator=C38 New Designator=C77
Change Component Designator: Old Designator=C75 New Designator=C88
Change Component Designator: Old Designator=C76 New Designator=C87
Change Component Designator: Old Designator=C81 New Designator=C86
Change Component Designator: Old Designator=C101 New Designator=C89
Change Component Designator: Old Designator=C157 New Designator=C83
Change Component Designator: Old Designator=C? New Designator=C43
Change Component Designator: Old Designator=C? New Designator=C45
Change Component Designator: Old Designator=C? New Designator=C46
Change Component Designator: Old Designator=C? New Designator=C54
Change Component Designator: Old Designator=C? New Designator=C55
Change Component Designator: Old Designator=C? New Designator=C56
Change Component Designator: Old Designator=C? New Designator=C68
Change Component Designator: Old Designator=C? New Designator=C69
Change Component Designator: Old Designator=C? New Designator=C79
Change Component Designator: Old Designator=C? New Designator=C80
Change Component Designator: Old Designator=D4 New Designator=D5
Change Component Designator: Old Designator=D5 New Designator=D6
Change Component Designator: Old Designator=D6 New Designator=D4
Change Component Designator: Old Designator=L1 New Designator=L4
Change Component Designator: Old Designator=R2 New Designator=R11
Change Component Designator: Old Designator=R3 New Designator=R12
Change Component Designator: Old Designator=R4 New Designator=R13
Change Component Designator: Old Designator=R5 New Designator=R14
Change Component Designator: Old Designator=R6 New Designator=R15
Change Component Designator: Old Designator=R7 New Designator=R16
Change Component Designator: Old Designator=R8 New Designator=R17
Change Component Designator: Old Designator=R9 New Designator=R18
Change Component Designator: Old Designator=R10 New Designator=R19
Change Component Designator: Old Designator=R11 New Designator=R20
Change Component Designator: Old Designator=R12 New Designator=R21
Change Component Designator: Old Designator=R13 New Designator=R22
Change Component Designator: Old Designator=R14 New Designator=R23
Change Component Designator: Old Designator=R15 New Designator=R24
Change Component Designator: Old Designator=R16 New Designator=R25
Change Component Designator: Old Designator=R17 New Designator=R27
Change Component Designator: Old Designator=R18 New Designator=R26
Change Component Designator: Old Designator=R19 New Designator=R29
Change Component Designator: Old Designator=R20 New Designator=R30
Change Component Designator: Old Designator=R21 New Designator=R31
Change Component Designator: Old Designator=R22 New Designator=R32
Change Component Designator: Old Designator=R23 New Designator=R33
Change Component Designator: Old Designator=R24 New Designator=R37
Change Component Designator: Old Designator=R25 New Designator=R38
Change Component Designator: Old Designator=R26 New Designator=R28
Change Component Designator: Old Designator=R27 New Designator=R34
Change Component Designator: Old Designator=R28 New Designator=R35
Change Component Designator: Old Designator=R29 New Designator=R36
Change Component Designator: Old Designator=R30 New Designator=R39
Change Component Designator: Old Designator=R31 New Designator=R40
Change Component Designator: Old Designator=R32 New Designator=R41
Change Component Designator: Old Designator=R33 New Designator=R65
Change Component Designator: Old Designator=R34 New Designator=R46
Change Component Designator: Old Designator=R35 New Designator=R68
Change Component Designator: Old Designator=R36 New Designator=R69
Change Component Designator: Old Designator=R37 New Designator=R76
Change Component Designator: Old Designator=R98 New Designator=R51
Change Component Designator: Old Designator=R99 New Designator=R53
Change Component Designator: Old Designator=R100 New Designator=R54
Change Component Designator: Old Designator=R100 New Designator=R75
Change Component Designator: Old Designator=R101 New Designator=R55
Change Component Designator: Old Designator=R101 New Designator=R78
Change Component Designator: Old Designator=R102 New Designator=R56
Change Component Designator: Old Designator=R102 New Designator=R80
Change Component Designator: Old Designator=R103 New Designator=R58
Change Component Designator: Old Designator=R103 New Designator=R77
Change Component Designator: Old Designator=R104 New Designator=R59
Change Component Designator: Old Designator=R104 New Designator=R79
Change Component Designator: Old Designator=R105 New Designator=R60
Change Component Designator: Old Designator=R106 New Designator=R61
Change Component Designator: Old Designator=R107 New Designator=R62
Change Component Designator: Old Designator=R108 New Designator=R63
Change Component Designator: Old Designator=R109 New Designator=R64
Change Component Designator: Old Designator=R? New Designator=R42
Change Component Designator: Old Designator=R? New Designator=R43
Change Component Designator: Old Designator=R? New Designator=R44
Change Component Designator: Old Designator=R? New Designator=R45
Change Component Designator: Old Designator=R? New Designator=R47
Change Component Designator: Old Designator=R? New Designator=R48
Change Component Designator: Old Designator=R? New Designator=R49
Change Component Designator: Old Designator=R? New Designator=R50
Change Component Designator: Old Designator=R? New Designator=R52
Change Component Designator: Old Designator=R? New Designator=R57
Change Component Designator: Old Designator=R? New Designator=R66
Change Component Designator: Old Designator=R? New Designator=R67
Change Component Designator: Old Designator=R? New Designator=R70
Change Component Designator: Old Designator=R? New Designator=R71
Change Component Designator: Old Designator=R? New Designator=R72
Change Component Designator: Old Designator=R? New Designator=R73
Change Component Designator: Old Designator=R? New Designator=R74
Change Component Designator: Old Designator=U3 New Designator=U4
Change Component Designator: Old Designator=U4 New Designator=U5
Change Component Designator: Old Designator=U5 New Designator=U7
Change Component Designator: Old Designator=U6 New Designator=U8
Change Component Designator: Old Designator=U7 New Designator=U6
Change Component Designator: Old Designator=U26 New Designator=U11
Change Component Designator: Old Designator=U New Designator=U12
Change Component Designator: Old Designator=U? New Designator=U9
Change Component Designator: Old Designator=U? New Designator=U10
