Removed Pin From Net: NetName=DGND Pin=R12-1
Removed Pin From Net: NetName=NetR12_2 Pin=R12-2
Removed Pin From Net: NetName=D_3V3 Pin=R15-1
Removed Pin From Net: NetName=NetR15_2 Pin=R15-2
Removed Pin From Net: NetName=DGND Pin=U8-1
Removed Pin From Net: NetName=NetC44_2 Pin=U8-2
Removed Pin From Net: NetName=D_3V3 Pin=U8-3
Removed Pin From Net: NetName=DGND Pin=U8-4
Removed Pin From Net: NetName=NetU20_6 Pin=U26-1
Removed Pin From Net: NetName=NetR66_1 Pin=U26-2
Removed Pin From Net: NetName=GND Pin=U26-3
Removed Pin From Net: NetName=NetU17_5 Pin=U26-4
Removed Pin From Net: NetName=NetR66_1 Pin=U26-5
Removed Pin From Net: NetName=GND Pin=U26-6
Removed Pin From Net: NetName=A_5V Pin=U26-7
Removed Pin From Net: NetName=A_5V Pin=U26-8
Removed Pin From Net: NetName=GND Pin=U26-9
Removed Pin From Net: NetName=GND Pin=U26-10
Removed Pin From Net: NetName=GND Pin=U26-11
Removed Pin From Net: NetName=DGND Pin=U26-12
Removed Pin From Net: NetName=NetR71_2 Pin=U26-13
Removed Pin From Net: NetName=NetR71_2 Pin=U26-14
Removed Pin From Net: NetName=NetU9_73 Pin=U26-15
Removed Pin From Net: NetName=NetU9_83 Pin=U26-16
Removed Pin From Net: NetName=NetR68_1 Pin=U26-17
Removed Pin From Net: NetName=NetU9_74 Pin=U26-21
Removed Pin From Net: NetName=NetU9_70 Pin=U26-22
Removed Pin From Net: NetName=NetU9_69 Pin=U26-23
Removed Pin From Net: NetName=NetU9_68 Pin=U26-24
Removed Pin From Net: NetName=NetU9_67 Pin=U26-25
Removed Pin From Net: NetName=DGND Pin=U26-26
Removed Pin From Net: NetName=D_3V3 Pin=U26-27
Removed Pin From Net: NetName=D_3V3 Pin=U26-28
Removed Pin From Net: NetName=D_3V3 Pin=U26-29
Removed Pin From Net: NetName=D_3V3 Pin=U26-30
Removed Pin From Net: NetName=DGND Pin=U26-31
Removed Pin From Net: NetName=DGND Pin=U26-32
Removed Pin From Net: NetName=DGND Pin=U26-33
Removed Pin From Net: NetName=DGND Pin=U26-34
Removed Pin From Net: NetName=D_1V8 Pin=U26-35
Removed Pin From Net: NetName=D_1V8 Pin=U26-36
Removed Pin From Net: NetName=NetR70_1 Pin=U26-37
Removed Pin From Net: NetName=NetU9_55 Pin=U26-38
Removed Pin From Net: NetName=NetU9_54 Pin=U26-39
Removed Pin From Net: NetName=FORMAT2 Pin=U26-40
Removed Pin From Net: NetName=FORMAT1 Pin=U26-41
Removed Pin From Net: NetName=FORMAT0 Pin=U26-42
Removed Pin From Net: NetName=MODE1 Pin=U26-43
Removed Pin From Net: NetName=MODE0 Pin=U26-44
Removed Pin From Net: NetName=NetR69_2 Pin=U26-45
Removed Pin From Net: NetName=NetR69_2 Pin=U26-46
Removed Pin From Net: NetName=NetR69_2 Pin=U26-47
Removed Pin From Net: NetName=NetU9_48 Pin=U26-48
Removed Pin From Net: NetName=NetU9_47 Pin=U26-49
Removed Pin From Net: NetName=NetU9_46 Pin=U26-50
Removed Pin From Net: NetName=NetU9_45 Pin=U26-51
Removed Pin From Net: NetName=NetU9_44 Pin=U26-52
Removed Pin From Net: NetName=GND Pin=U26-53
Removed Pin From Net: NetName=GND Pin=U26-54
Removed Pin From Net: NetName=A_5V Pin=U26-55
Removed Pin From Net: NetName=A_5V Pin=U26-56
Removed Pin From Net: NetName=GND Pin=U26-57
Removed Pin From Net: NetName=GND Pin=U26-60
Removed Pin From Net: NetName=GND Pin=U26-63
Removed Pin From Net: NetName=GND Pin=U26-66
Removed Pin From Net: NetName=GND Pin=U26-69
Removed Pin From Net: NetName=A_5V Pin=U26-70
Removed Pin From Net: NetName=A_5V Pin=U26-71
Removed Pin From Net: NetName=GND Pin=U26-72
Removed Pin From Net: NetName=AD_REF Pin=U26-74
Removed Pin From Net: NetName=GND Pin=U26-75
Removed Pin From Net: NetName=GND Pin=U26-76
Removed Pin From Net: NetName=GND Pin=U26-77
Removed Pin From Net: NetName=A_5V Pin=U26-78
Removed Pin From Net: NetName=A_5V Pin=U26-79
Removed Pin From Net: NetName=GND Pin=U26-82
Removed Pin From Net: NetName=NetU22_6 Pin=U26-83
Removed Pin From Net: NetName=NetR66_1 Pin=U26-84
Added Component: Designator=R12(RESS0805)
Added Component: Designator=R15(RESS0805)
Added Component: Designator=U8(PDSO_3q700¡Á650¡Á180_p230)
Added Component: Designator=U25(PDSO8)
Added Component: Designator=U26(HB-CQFP_84q1933¡Á1933¡Á280_p50)
Added Pin To Net: NetName=DGND Pin=R12-1
Added Pin To Net: NetName=NetR12_2 Pin=R12-2
Added Pin To Net: NetName=D_3V3 Pin=R15-1
Added Pin To Net: NetName=NetR15_2 Pin=R15-2
Added Pin To Net: NetName=DGND Pin=U8-1
Added Pin To Net: NetName=NetC44_2 Pin=U8-2
Added Pin To Net: NetName=D_3V3 Pin=U8-3
Added Pin To Net: NetName=DGND Pin=U8-4
Added Pin To Net: NetName=A_5V Pin=U25-2
Added Pin To Net: NetName=GND Pin=U25-4
Added Pin To Net: NetName=NetC106_2 Pin=U25-5
Added Pin To Net: NetName=AD_REF Pin=U25-6
Added Pin To Net: NetName=NetU20_6 Pin=U26-1
Added Pin To Net: NetName=NetR66_1 Pin=U26-2
Added Pin To Net: NetName=GND Pin=U26-3
Added Pin To Net: NetName=NetU17_5 Pin=U26-4
Added Pin To Net: NetName=NetR66_1 Pin=U26-5
Added Pin To Net: NetName=GND Pin=U26-6
Added Pin To Net: NetName=A_5V Pin=U26-7
Added Pin To Net: NetName=A_5V Pin=U26-8
Added Pin To Net: NetName=GND Pin=U26-9
Added Pin To Net: NetName=GND Pin=U26-10
Added Pin To Net: NetName=GND Pin=U26-11
Added Pin To Net: NetName=DGND Pin=U26-12
Added Pin To Net: NetName=NetR71_2 Pin=U26-13
Added Pin To Net: NetName=NetR71_2 Pin=U26-14
Added Pin To Net: NetName=NetU9_73 Pin=U26-15
Added Pin To Net: NetName=NetU9_83 Pin=U26-16
Added Pin To Net: NetName=NetR68_1 Pin=U26-17
Added Pin To Net: NetName=NetU9_74 Pin=U26-21
Added Pin To Net: NetName=NetU9_70 Pin=U26-22
Added Pin To Net: NetName=NetU9_69 Pin=U26-23
Added Pin To Net: NetName=NetU9_68 Pin=U26-24
Added Pin To Net: NetName=NetU9_67 Pin=U26-25
Added Pin To Net: NetName=DGND Pin=U26-26
Added Pin To Net: NetName=D_3V3 Pin=U26-27
Added Pin To Net: NetName=D_3V3 Pin=U26-28
Added Pin To Net: NetName=D_3V3 Pin=U26-29
Added Pin To Net: NetName=D_3V3 Pin=U26-30
Added Pin To Net: NetName=DGND Pin=U26-31
Added Pin To Net: NetName=DGND Pin=U26-32
Added Pin To Net: NetName=DGND Pin=U26-33
Added Pin To Net: NetName=DGND Pin=U26-34
Added Pin To Net: NetName=D_1V8 Pin=U26-35
Added Pin To Net: NetName=D_1V8 Pin=U26-36
Added Pin To Net: NetName=NetR70_1 Pin=U26-37
Added Pin To Net: NetName=NetU9_55 Pin=U26-38
Added Pin To Net: NetName=NetU9_54 Pin=U26-39
Added Pin To Net: NetName=FORMAT2 Pin=U26-40
Added Pin To Net: NetName=FORMAT1 Pin=U26-41
Added Pin To Net: NetName=FORMAT0 Pin=U26-42
Added Pin To Net: NetName=MODE1 Pin=U26-43
Added Pin To Net: NetName=MODE0 Pin=U26-44
Added Pin To Net: NetName=NetR69_2 Pin=U26-45
Added Pin To Net: NetName=NetR69_2 Pin=U26-46
Added Pin To Net: NetName=NetR69_2 Pin=U26-47
Added Pin To Net: NetName=NetU9_48 Pin=U26-48
Added Pin To Net: NetName=NetU9_47 Pin=U26-49
Added Pin To Net: NetName=NetU9_46 Pin=U26-50
Added Pin To Net: NetName=NetU9_45 Pin=U26-51
Added Pin To Net: NetName=NetU9_44 Pin=U26-52
Added Pin To Net: NetName=GND Pin=U26-53
Added Pin To Net: NetName=GND Pin=U26-54
Added Pin To Net: NetName=A_5V Pin=U26-55
Added Pin To Net: NetName=A_5V Pin=U26-56
Added Pin To Net: NetName=GND Pin=U26-57
Added Pin To Net: NetName=GND Pin=U26-60
Added Pin To Net: NetName=GND Pin=U26-63
Added Pin To Net: NetName=GND Pin=U26-66
Added Pin To Net: NetName=GND Pin=U26-69
Added Pin To Net: NetName=A_5V Pin=U26-70
Added Pin To Net: NetName=A_5V Pin=U26-71
Added Pin To Net: NetName=GND Pin=U26-72
Added Pin To Net: NetName=AD_REF Pin=U26-74
Added Pin To Net: NetName=GND Pin=U26-75
Added Pin To Net: NetName=GND Pin=U26-76
Added Pin To Net: NetName=GND Pin=U26-77
Added Pin To Net: NetName=A_5V Pin=U26-78
Added Pin To Net: NetName=A_5V Pin=U26-79
Added Pin To Net: NetName=GND Pin=U26-82
Added Pin To Net: NetName=NetU22_6 Pin=U26-83
Added Pin To Net: NetName=NetR66_1 Pin=U26-84
Added Member To Class: ClassName=U_DSP_R Member=Component U8 DS1233AZ-SOT223
