Removed Pin From Net: NetName=DGND Pin=U8-1
Removed Pin From Net: NetName=NetC44_2 Pin=U8-2
Removed Pin From Net: NetName=D_3V3 Pin=U8-3
Removed Pin From Net: NetName=DGND Pin=U8-4
Removed Member From Class: ClassName=U_DSP_R Member=R34
Removed Member From Class: ClassName=U_DSP_R Member=U12
Added Component: Designator=U8(PDSO_3q700¡Á650¡Á180_p230)
Added Pin To Net: NetName=DGND Pin=U8-1
Added Pin To Net: NetName=NetC44_2 Pin=U8-2
Added Pin To Net: NetName=D_3V3 Pin=U8-3
Added Pin To Net: NetName=DGND Pin=U8-4
Added Member To Class: ClassName=U_Assistant_Parameters Member=Component C87 Cap
Added Member To Class: ClassName=U_Assistant_Parameters Member=Component C93 Cap
Added Member To Class: ClassName=U_ADC Member=Component C102 Cap
Added Member To Class: ClassName=U_ADC Member=Component C104 Cap
Added Member To Class: ClassName=U_DSP_R Member=Component R32 Res
Added Member To Class: ClassName=U_FPGA_R Member=Component R47 Res
Added Member To Class: ClassName=U_FPGA_R Member=Component R48 Res
Added Member To Class: ClassName=U_ADC Member=Component R66 Res
Added Member To Class: ClassName=U_ADC Member=Component R67 Res
Added Member To Class: ClassName=U_ADC Member=Component R68 Res
Added Member To Class: ClassName=U_ADC Member=Component R69 Res
Added Member To Class: ClassName=U_ADC Member=Component R70 Res
Added Member To Class: ClassName=U_ADC Member=Component R71 Res
Added Member To Class: ClassName=U_ADC Member=Component R72 Res
Added Member To Class: ClassName=U_ADC Member=Component R73 Res
Added Member To Class: ClassName=U_ADC Member=Component R74 Res
Added Member To Class: ClassName=U_ADC Member=Component R75 Res
Added Member To Class: ClassName=U_ADC Member=Component R76 Res
Added Member To Class: ClassName=U_ADC Member=Component R77 Res
Added Member To Class: ClassName=U_ADC Member=Component R78 Res
Added Member To Class: ClassName=U_ADC Member=Component R79 Res
Added Member To Class: ClassName=U_ADC Member=Component R80 Res
Added Member To Class: ClassName=U_ADC Member=Component R81 Res
Added Member To Class: ClassName=U_ADC Member=Component R82 Res
Added Member To Class: ClassName=U_DSP_R Member=Component U8 DS1233AZ-SOT223
Added Member To Class: ClassName=U_FPGA_R Member=Component U14 SN55453BJG-THA-DIP8
Added Member To Class: ClassName=U_Assistant_Parameters Member=Component U19 ADG419TQ_CERDIP8
Added Member To Class: ClassName=U_Assistant_Parameters Member=Component U20 AD620SQ 883B
Added Member To Class: ClassName=U_Assistant_Parameters Member=Component U22 AD620SQ 883B
Added Room: Name=Communication_Main
Added Room: Name=U_ADC
Added Room: Name=U_Assistant_Parameters
Added Room: Name=U_DSP_R
Added Room: Name=U_FPGA_R
