Change Component Designator: Old Designator=M2BOO New Designator=M2
Change Component Designator: Old Designator=M2BZO New Designator=M1
Change Component Designator: Old Designator=M5BOO New Designator=M4
Change Component Designator: Old Designator=M5BZO New Designator=M3
Change Component Designator: Old Designator=M7BOO New Designator=M6
Change Component Designator: Old Designator=M7BZO New Designator=M5
Change Component Designator: Old Designator=MODE0 New Designator=MODE1
Change Component Designator: Old Designator=MODE1 New Designator=MODE2
Change Component Designator: Old Designator=R32 New Designator=R33
Change Component Designator: Old Designator=R33 New Designator=R34
Change Component Designator: Old Designator=R34 New Designator=R35
Change Component Designator: Old Designator=R35 New Designator=R36
Change Component Designator: Old Designator=R36 New Designator=R37
Change Component Designator: Old Designator=R37 New Designator=R38
Change Component Designator: Old Designator=R38 New Designator=R39
Change Component Designator: Old Designator=R39 New Designator=R40
Change Component Designator: Old Designator=R40 New Designator=R41
Change Component Designator: Old Designator=R41 New Designator=R42
Change Component Designator: Old Designator=R42 New Designator=R43
Change Component Designator: Old Designator=R43 New Designator=R44
Change Component Designator: Old Designator=R44 New Designator=R45
Change Component Designator: Old Designator=R45 New Designator=R46
Change Component Designator: Old Designator=R46 New Designator=R47
Change Component Designator: Old Designator=T1 New Designator=T2
Change Component Designator: Old Designator=T2 New Designator=T1
Change Component Part ID : Designator=U9 Old Part ID =1 New Part ID =3
Change Component Part ID : Designator=U9 Old Part ID =2 New Part ID =4
Change Component Part ID : Designator=U9 Old Part ID =3 New Part ID =1
Change Component Part ID : Designator=U9 Old Part ID =4 New Part ID =2
