Removed Pin From Net: NetName=DGND Pin=C95-1
Removed Pin From Net: NetName=D_3V3 Pin=C95-2
Removed Pin From Net: NetName=DGND Pin=C96-1
Removed Pin From Net: NetName=D_3V3 Pin=C96-2
Removed Pin From Net: NetName=D_3V3 Pin=C97-2
Removed Pin From Net: NetName=D_3V3 Pin=C100-2
Removed Pin From Net: NetName=GND Pin=C102-1
Removed Pin From Net: NetName=A_5V Pin=C102-2
Removed Pin From Net: NetName=GND Pin=C104-1
Removed Pin From Net: NetName=-A_5V Pin=C104-2
Removed Pin From Net: NetName=DGND Pin=R10-1
Removed Pin From Net: NetName=D_3V3 Pin=R11-1
Removed Pin From Net: NetName=D_3V3 Pin=R47-1
Removed Pin From Net: NetName=TEMP1D Pin=R49-2
Removed Pin From Net: NetName=D_3V3 Pin=R56-1
Removed Pin From Net: NetName=TEMP2D Pin=R58-2
Removed Pin From Net: NetName=TEMP2R Pin=R60-1
Removed Pin From Net: NetName=GND Pin=R61-1
Removed Pin From Net: NetName=D_3V3 Pin=R65-2
Removed Pin From Net: NetName=HSRTD Pin=R67-1
Removed Pin From Net: NetName=HSRTDR Pin=R69-1
Removed Pin From Net: NetName=GND Pin=R69-2
Removed Pin From Net: NetName=GND Pin=R70-1
Removed Pin From Net: NetName=TEMP2D Pin=R72-1
Removed Pin From Net: NetName=MARTD Pin=R73-2
Removed Pin From Net: NetName=TEMP1D Pin=R75-2
Removed Pin From Net: NetName=HSRTD Pin=R76-1
Removed Pin From Net: NetName=D_3V3 Pin=R77-2
Removed Pin From Net: NetName=MARTD Pin=R79-1
Removed Pin From Net: NetName=GND Pin=R81-2
Removed Pin From Net: NetName=GND Pin=R82-1
Removed Pin From Net: NetName=S2 Pin=S1-1
Removed Pin From Net: NetName=CMD- Pin=T2-5
Removed Pin From Net: NetName=CMD+ Pin=T2-7
Removed Pin From Net: NetName=DGND Pin=U1-V_2
Removed Pin From Net: NetName=DGND Pin=U1-V_3
Removed Pin From Net: NetName=DGND Pin=U1-V_4
Removed Pin From Net: NetName=DGND Pin=U1-V_5
Removed Pin From Net: NetName=DGND Pin=U1-V_6
Removed Pin From Net: NetName=DGND Pin=U1-V
Removed Pin From Net: NetName=DGND Pin=U2-V_2
Removed Pin From Net: NetName=DGND Pin=U2-V_3
Removed Pin From Net: NetName=DGND Pin=U2-V_4
Removed Pin From Net: NetName=DGND Pin=U2-V_5
Removed Pin From Net: NetName=DGND Pin=U2-V_6
Removed Pin From Net: NetName=DGND Pin=U2-V
Removed Pin From Net: NetName=DGND Pin=U3-V_2
Removed Pin From Net: NetName=DGND Pin=U3-V_3
Removed Pin From Net: NetName=DGND Pin=U3-V_4
Removed Pin From Net: NetName=DGND Pin=U3-V_5
Removed Pin From Net: NetName=DGND Pin=U3-V_6
Removed Pin From Net: NetName=DGND Pin=U3-V
Removed Pin From Net: NetName=DGND Pin=U7-1
Removed Pin From Net: NetName=NetC44_2 Pin=U7-2
Removed Pin From Net: NetName=D_3V3 Pin=U7-3
Removed Pin From Net: NetName=S2 Pin=U9-84
Removed Pin From Net: NetName=DGND Pin=U14-4
Removed Pin From Net: NetName=DGND Pin=U14-8
Removed Pin From Net: NetName=S2 Pin=U14-9
Removed Pin From Net: NetName=S2- Pin=U14-10
Removed Pin From Net: NetName=S2+ Pin=U14-11
Removed Pin From Net: NetName=DGND Pin=U14-12
Removed Pin From Net: NetName=DGND Pin=U14-15
Removed Pin From Net: NetName=D_5V Pin=U14-16
Removed Pin From Net: NetName=D_3V3 Pin=U16-3
Removed Pin From Net: NetName=GND Pin=U16-6
Removed Pin From Net: NetName=D_3V3 Pin=U18-3
Removed Pin From Net: NetName=GND Pin=U18-6
Removed Pin From Net: NetName=NetR56_2 Pin=U18-7
Removed Pin From Net: NetName=D_3V3 Pin=U20-3
Removed Pin From Net: NetName=GND Pin=U20-6
Removed Pin From Net: NetName=-A_5V Pin=U21-1
Removed Pin From Net: NetName=TEMP2D Pin=U21-6
Removed Pin From Net: NetName=TEMP1D Pin=U21-8
Removed Pin From Net: NetName=HSRTD Pin=U21-10
Removed Pin From Net: NetName=MARTD Pin=U21-11
Removed Pin From Net: NetName=A_5V Pin=U21-16
Removed Pin From Net: NetName=D_3V3 Pin=U22-3
Removed Pin From Net: NetName=GND Pin=U22-6
Removed Pin From Net: NetName=A_5V Pin=U23-2
Removed Pin From Net: NetName=GND Pin=U23-4
Removed Pin From Net: NetName=AD_REF Pin=U23-6
Removed Pin From Net: NetName=GND Pin=U24-3
Removed Pin From Net: NetName=GND Pin=U24-6
Removed Pin From Net: NetName=A_5V Pin=U24-7
Removed Pin From Net: NetName=A_5V Pin=U24-8
Removed Pin From Net: NetName=GND Pin=U24-9
Removed Pin From Net: NetName=GND Pin=U24-10
Removed Pin From Net: NetName=GND Pin=U24-11
Removed Pin From Net: NetName=DGND Pin=U24-12
Removed Pin From Net: NetName=NetU9_73 Pin=U24-15
Removed Pin From Net: NetName=NetU9_83 Pin=U24-16
Removed Pin From Net: NetName=NetU9_74 Pin=U24-21
Removed Pin From Net: NetName=NetU9_70 Pin=U24-22
Removed Pin From Net: NetName=NetU9_69 Pin=U24-23
Removed Pin From Net: NetName=NetU9_68 Pin=U24-24
Removed Pin From Net: NetName=NetU9_67 Pin=U24-25
Removed Pin From Net: NetName=DGND Pin=U24-26
Removed Pin From Net: NetName=D_3V3 Pin=U24-27
Removed Pin From Net: NetName=D_3V3 Pin=U24-28
Removed Pin From Net: NetName=D_3V3 Pin=U24-29
Removed Pin From Net: NetName=D_3V3 Pin=U24-30
Removed Pin From Net: NetName=DGND Pin=U24-31
Removed Pin From Net: NetName=DGND Pin=U24-32
Removed Pin From Net: NetName=DGND Pin=U24-33
Removed Pin From Net: NetName=DGND Pin=U24-34
Removed Pin From Net: NetName=D_1V8 Pin=U24-35
Removed Pin From Net: NetName=D_1V8 Pin=U24-36
Removed Pin From Net: NetName=NetU9_55 Pin=U24-38
Removed Pin From Net: NetName=NetU9_54 Pin=U24-39
Removed Pin From Net: NetName=FORMAT2 Pin=U24-40
Removed Pin From Net: NetName=FORMAT1 Pin=U24-41
Removed Pin From Net: NetName=FORMAT0 Pin=U24-42
Removed Pin From Net: NetName=MODE1 Pin=U24-43
Removed Pin From Net: NetName=MODE0 Pin=U24-44
Removed Pin From Net: NetName=NetU9_48 Pin=U24-48
Removed Pin From Net: NetName=NetU9_47 Pin=U24-49
Removed Pin From Net: NetName=NetU9_46 Pin=U24-50
Removed Pin From Net: NetName=NetU9_45 Pin=U24-51
Removed Pin From Net: NetName=NetU9_44 Pin=U24-52
Removed Pin From Net: NetName=GND Pin=U24-53
Removed Pin From Net: NetName=GND Pin=U24-54
Removed Pin From Net: NetName=A_5V Pin=U24-55
Removed Pin From Net: NetName=A_5V Pin=U24-56
Removed Pin From Net: NetName=GND Pin=U24-57
Removed Pin From Net: NetName=GND Pin=U24-60
Removed Pin From Net: NetName=GND Pin=U24-63
Removed Pin From Net: NetName=GND Pin=U24-66
Removed Pin From Net: NetName=GND Pin=U24-69
Removed Pin From Net: NetName=A_5V Pin=U24-70
Removed Pin From Net: NetName=A_5V Pin=U24-71
Removed Pin From Net: NetName=GND Pin=U24-72
Removed Pin From Net: NetName=AD_REF Pin=U24-74
Removed Pin From Net: NetName=GND Pin=U24-75
Removed Pin From Net: NetName=GND Pin=U24-76
Removed Pin From Net: NetName=GND Pin=U24-77
Removed Pin From Net: NetName=A_5V Pin=U24-78
Removed Pin From Net: NetName=A_5V Pin=U24-79
Removed Pin From Net: NetName=GND Pin=U24-82
Removed Member From Class: ClassName=U_Assistant_Parameters Member=C101
Removed Member From Class: ClassName=U_Assistant_Parameters Member=C102
Removed Member From Class: ClassName=U_Assistant_Parameters Member=C103
Removed Member From Class: ClassName=U_Assistant_Parameters Member=C104
Removed Member From Class: ClassName=U_Assistant_Parameters Member=R47
Removed Member From Class: ClassName=U_Assistant_Parameters Member=R48
Removed Member From Class: ClassName=U_Assistant_Parameters Member=R66
Removed Member From Class: ClassName=U_Assistant_Parameters Member=R67
Removed Member From Class: ClassName=U_Assistant_Parameters Member=R68
Removed Member From Class: ClassName=U_Assistant_Parameters Member=R69
Removed Member From Class: ClassName=U_Assistant_Parameters Member=R70
Removed Member From Class: ClassName=U_Assistant_Parameters Member=R71
Removed Member From Class: ClassName=U_Assistant_Parameters Member=R72
Removed Member From Class: ClassName=U_Assistant_Parameters Member=R73
Removed Member From Class: ClassName=U_Assistant_Parameters Member=R74
Removed Member From Class: ClassName=U_Assistant_Parameters Member=R75
Removed Member From Class: ClassName=U_Assistant_Parameters Member=R76
Removed Member From Class: ClassName=U_Assistant_Parameters Member=R77
Removed Member From Class: ClassName=U_Assistant_Parameters Member=R78
Removed Member From Class: ClassName=U_Assistant_Parameters Member=R79
Removed Member From Class: ClassName=U_Assistant_Parameters Member=R80
Removed Member From Class: ClassName=U_Assistant_Parameters Member=R81
Removed Member From Class: ClassName=U_Assistant_Parameters Member=R82
Removed Member From Class: ClassName=U_Assistant_Parameters Member=R83
Removed Member From Class: ClassName=U_Assistant_Parameters Member=R84
Removed Member From Class: ClassName=U_FPGA_R Member=S1
Removed Member From Class: ClassName=U_FPGA_R Member=U14
Change Component DesignItemId : Designator=U24 Old DesignItemId=ADS1278SHFQ New DesignItemId=LT1112IS8#PBF
Change Component DesignItemId : Designator=U7 Old DesignItemId=DS1233AZ-15 New DesignItemId=DS26LVC31
Change Component DesignItemId : Designator=U21 Old DesignItemId=LH147123 New DesignItemId=ADG1404
Change Component DesignItemId : Designator=U23 Old DesignItemId=REF5025ID New DesignItemId=ADG1404
Change Component DesignItemId : Designator=U20 Old DesignItemId=THS4521SHKQ New DesignItemId=AD620
Change Component DesignItemId : Designator=U22 Old DesignItemId=THS4521SHKQ New DesignItemId=AD620
Change Component DesignItemId : Designator=U18 Old DesignItemId=THS4521SHKQ New DesignItemId=LT1112IS8#PBF
Change Component DesignItemId : Designator=C95 Old DesignItemId=Y20025084 New DesignItemId=Y20024100
Change Component DesignItemId : Designator=C96 Old DesignItemId=Y20025084 New DesignItemId=Y20024100
Change Component DesignItemId : Designator=C97 Old DesignItemId=Y20025084 New DesignItemId=Y20024100
Change Component DesignItemId : Designator=C100 Old DesignItemId=Y20025084 New DesignItemId=Y20024100
Change Component DesignItemId : Designator=C86 Old DesignItemId=Y20025092 New DesignItemId=Y20002409
Change Component DesignItemId : Designator=C94 Old DesignItemId=Y20025092 New DesignItemId=Y20002409
Change Component DesignItemId : Designator=C85 Old DesignItemId=Y20025092 New DesignItemId=Y20024100
Change Component DesignItemId : Designator=C88 Old DesignItemId=Y20025092 New DesignItemId=Y20024100
Change Component DesignItemId : Designator=C89 Old DesignItemId=Y20025092 New DesignItemId=Y20024100
Change Component DesignItemId : Designator=C91 Old DesignItemId=Y20025092 New DesignItemId=Y20024100
Change Component DesignItemId : Designator=C92 Old DesignItemId=Y20025092 New DesignItemId=Y20024100
Change Component DesignItemId : Designator=C90 Old DesignItemId=Y20028878 New DesignItemId=Y20024100
Change Component Footprint: Designator=U21 Old Footprint=DIP16 New Footprint=TSSOP14
Change Component Footprint: Designator=U24 Old Footprint=HB-CQFP_84Q1933×1933×280_P50 New Footprint=PDSO_8q600×490×175_p127
Change Component Footprint: Designator=U23 Old Footprint=PDSO8 New Footprint=TSSOP14
Change Component Footprint: Designator=U7 Old Footprint=PDSO_3q700×650×180_p230 New Footprint=CDIP_16q785×305×200_d18_p100_i300
Change Component Footprint: Designator=U20 Old Footprint=THS4521HKJ New Footprint=CDIP_8q405×305×200_d19_p100_i300
Change Component Footprint: Designator=U22 Old Footprint=THS4521HKJ New Footprint=CDIP_8q405×305×200_d19_p100_i300
Change Component Footprint: Designator=U18 Old Footprint=THS4521HKJ New Footprint=PDSO_8q600×490×175_p127
Change Component Comment : Designator=U24 Old Comment=ADS1278SHKP-THA-SQFP84 New Comment=LT1112IS8#PBF
Change Component Comment : Designator=U7 Old Comment=DS1233AZ-SOT223 New Comment=DS26C31MJ/883-DIP16
Change Component Comment : Designator=U21 Old Comment=LH147123 New Comment=ADG1404YRUZ_TSSOP14
Change Component Comment : Designator=U23 Old Comment=REF5025SHKJ-PDSO8 New Comment=ADG1404YRUZ_TSSOP14
Change Component Comment : Designator=U20 Old Comment=THS4521SHKJ New Comment=AD620SQ 883B
Change Component Comment : Designator=U22 Old Comment=THS4521SHKJ New Comment=AD620SQ 883B
Change Component Comment : Designator=U18 Old Comment=THS4521SHKJ New Comment=LT1112IS8#PBF
Change Component Designator: OldDesignator=C98 NewDesignator=C83
Change Component Designator: OldDesignator=C99 NewDesignator=C84
Change Component Designator: OldDesignator=C101 NewDesignator=C87
Change Component Designator: OldDesignator=C103 NewDesignator=C93
Change Component Designator: OldDesignator=C105 NewDesignator=C101
Change Component Designator: OldDesignator=C106 NewDesignator=C102
Change Component Designator: OldDesignator=C107 NewDesignator=C103
Change Component Designator: OldDesignator=C108 NewDesignator=C104
Change Component Designator: OldDesignator=C109 NewDesignator=C105
Change Component Designator: OldDesignator=C110 NewDesignator=C106
Change Component Designator: OldDesignator=C111 NewDesignator=C107
Change Component Designator: OldDesignator=C112 NewDesignator=C108
Change Component Designator: OldDesignator=C113 NewDesignator=C109
Change Component Designator: OldDesignator=C114 NewDesignator=C110
Change Component Designator: OldDesignator=C115 NewDesignator=C111
Change Component Designator: OldDesignator=C116 NewDesignator=C112
Change Component Designator: OldDesignator=C117 NewDesignator=C113
Change Component Designator: OldDesignator=R12 NewDesignator=R13
Change Component Designator: OldDesignator=R13 NewDesignator=R14
Change Component Designator: OldDesignator=R14 NewDesignator=R16
Change Component Designator: OldDesignator=R15 NewDesignator=R17
Change Component Designator: OldDesignator=R16 NewDesignator=R18
Change Component Designator: OldDesignator=R17 NewDesignator=R19
Change Component Designator: OldDesignator=R18 NewDesignator=R20
Change Component Designator: OldDesignator=R19 NewDesignator=R21
Change Component Designator: OldDesignator=R20 NewDesignator=R22
Change Component Designator: OldDesignator=R21 NewDesignator=R23
Change Component Designator: OldDesignator=R22 NewDesignator=R24
Change Component Designator: OldDesignator=R23 NewDesignator=R25
Change Component Designator: OldDesignator=R24 NewDesignator=R26
Change Component Designator: OldDesignator=R25 NewDesignator=R27
Change Component Designator: OldDesignator=R26 NewDesignator=R30
Change Component Designator: OldDesignator=R27 NewDesignator=R28
Change Component Designator: OldDesignator=R28 NewDesignator=R29
Change Component Designator: OldDesignator=R29 NewDesignator=R31
Change Component Designator: OldDesignator=R30 NewDesignator=R32
Change Component Designator: OldDesignator=R31 NewDesignator=R33
Change Component Designator: OldDesignator=R32 NewDesignator=R34
Change Component Designator: OldDesignator=R33 NewDesignator=R35
Change Component Designator: OldDesignator=R34 NewDesignator=R36
Change Component Designator: OldDesignator=R35 NewDesignator=R37
Change Component Designator: OldDesignator=R36 NewDesignator=R38
Change Component Designator: OldDesignator=R37 NewDesignator=R39
Change Component Designator: OldDesignator=R38 NewDesignator=R40
Change Component Designator: OldDesignator=R39 NewDesignator=R41
Change Component Designator: OldDesignator=R40 NewDesignator=R42
Change Component Designator: OldDesignator=R41 NewDesignator=R43
Change Component Designator: OldDesignator=R42 NewDesignator=R44
Change Component Designator: OldDesignator=R43 NewDesignator=R45
Change Component Designator: OldDesignator=R44 NewDesignator=R46
Change Component Designator: OldDesignator=R45 NewDesignator=R47
Change Component Designator: OldDesignator=R46 NewDesignator=R48
Change Component Designator: OldDesignator=R51 NewDesignator=R49
Change Component Designator: OldDesignator=R63 NewDesignator=R50
Change Component Designator: OldDesignator=R85 NewDesignator=R66
Change Component Designator: OldDesignator=R86 NewDesignator=R67
Change Component Designator: OldDesignator=R87 NewDesignator=R68
Change Component Designator: OldDesignator=R88 NewDesignator=R69
Change Component Designator: OldDesignator=R89 NewDesignator=R70
Change Component Designator: OldDesignator=R90 NewDesignator=R71
Change Component Designator: OldDesignator=R91 NewDesignator=R72
Change Component Designator: OldDesignator=R92 NewDesignator=R73
Change Component Designator: OldDesignator=R93 NewDesignator=R74
Change Component Designator: OldDesignator=R94 NewDesignator=R75
Change Component Designator: OldDesignator=R95 NewDesignator=R76
Change Component Designator: OldDesignator=R96 NewDesignator=R77
Change Component Designator: OldDesignator=R97 NewDesignator=R78
Change Component Designator: OldDesignator=R98 NewDesignator=R79
Change Component Designator: OldDesignator=R99 NewDesignator=R80
Change Component Designator: OldDesignator=R100 NewDesignator=R81
Change Component Designator: OldDesignator=R101 NewDesignator=R82
Change Component Designator: OldDesignator=U8 NewDesignator=U10
Change Component Designator: OldDesignator=U10 NewDesignator=U11
Change Component Designator: OldDesignator=U11 NewDesignator=U12
Change Component Designator: OldDesignator=U12 NewDesignator=U13
Change Component Designator: OldDesignator=U13 NewDesignator=U14
Change Component Designator: OldDesignator=U17 NewDesignator=U16
Change Component Designator: OldDesignator=U19 NewDesignator=U17
Change Component Library : Designator=C85 Old Library=Cap.SchLib New Library=电容.SchLib
Change Component Library : Designator=C86 Old Library=Cap.SchLib New Library=电容.SchLib
Change Component Library : Designator=C88 Old Library=Cap.SchLib New Library=电容.SchLib
Change Component Library : Designator=C89 Old Library=Cap.SchLib New Library=电容.SchLib
Change Component Library : Designator=C90 Old Library=Cap.SchLib New Library=电容.SchLib
Change Component Library : Designator=C91 Old Library=Cap.SchLib New Library=电容.SchLib
Change Component Library : Designator=C92 Old Library=Cap.SchLib New Library=电容.SchLib
Change Component Library : Designator=C94 Old Library=Cap.SchLib New Library=电容.SchLib
Change Component Library : Designator=C95 Old Library=Cap.SchLib New Library=电容.SchLib
Change Component Library : Designator=C96 Old Library=Cap.SchLib New Library=电容.SchLib
Change Component Library : Designator=C97 Old Library=Cap.SchLib New Library=电容.SchLib
Change Component Library : Designator=C100 Old Library=Cap.SchLib New Library=电容.SchLib
Added Component: Designator=CTRL_SW1(test_small)
Added Component: Designator=D10(SC-59)
Added Component: Designator=D11(SC-59)
Added Component: Designator=S2(test_large)
Added Component: Designator=U8(PDSO_3q700×650×180_p230)
Added Component: Designator=U19(CDIP_8q405×305×200_d19_p100_i300)
Added Pin To Net: NetName=GND Pin=C85-1
Added Pin To Net: NetName=A_5V Pin=C85-2
Added Pin To Net: NetName=A_5V Pin=C86-1
Added Pin To Net: NetName=GND Pin=C86-2
Added Pin To Net: NetName=A_5V Pin=C88-1
Added Pin To Net: NetName=GND Pin=C88-2
Added Pin To Net: NetName=GND Pin=C89-1
Added Pin To Net: NetName=A_5V Pin=C89-2
Added Pin To Net: NetName=GND Pin=C90-1
Added Pin To Net: NetName=A_5V Pin=C90-2
Added Pin To Net: NetName=GND Pin=C91-1
Added Pin To Net: NetName=A_5V Pin=C91-2
Added Pin To Net: NetName=GND Pin=C92-1
Added Pin To Net: NetName=A_5V Pin=C92-2
Added Pin To Net: NetName=-A_5V Pin=C94-1
Added Pin To Net: NetName=GND Pin=C94-2
Added Pin To Net: NetName=GND Pin=C95-1
Added Pin To Net: NetName=-A_5V Pin=C95-2
Added Pin To Net: NetName=GND Pin=C96-1
Added Pin To Net: NetName=-A_5V Pin=C96-2
Added Pin To Net: NetName=-A_5V Pin=C97-2
Added Pin To Net: NetName=-A_5V Pin=C100-2
Added Pin To Net: NetName=GND Pin=D10-3
Added Pin To Net: NetName=GND Pin=D11-3
Added Pin To Net: NetName=TEMP2R Pin=J2-15
Added Pin To Net: NetName=HSRTDR Pin=J2-18
Added Pin To Net: NetName=HSRTDR Pin=J2-28
Added Pin To Net: NetName=TEMP2R Pin=J2-31
Added Pin To Net: NetName=HSRTDR Pin=R10-2
Added Pin To Net: NetName=TEMP2R Pin=R11-2
Added Pin To Net: NetName=A_5V Pin=R58-1
Added Pin To Net: NetName=GND Pin=R65-2
Added Pin To Net: NetName=S2 Pin=S2-1
Added Pin To Net: NetName=CMD- Pin=T2-1
Added Pin To Net: NetName=CMD+ Pin=T2-3
Added Pin To Net: NetName=S2 Pin=U4-109
Added Pin To Net: NetName=DGND Pin=U7-8
Added Pin To Net: NetName=S2 Pin=U7-9
Added Pin To Net: NetName=S2- Pin=U7-10
Added Pin To Net: NetName=S2+ Pin=U7-11
Added Pin To Net: NetName=DGND Pin=U7-12
Added Pin To Net: NetName=DGND Pin=U7-15
Added Pin To Net: NetName=D_5V Pin=U7-16
Added Pin To Net: NetName=DGND Pin=U8-1
Added Pin To Net: NetName=NetC44_2 Pin=U8-2
Added Pin To Net: NetName=D_3V3 Pin=U8-3
Added Pin To Net: NetName=DGND Pin=U8-4
Added Pin To Net: NetName=AD_REF Pin=U18-3
Added Pin To Net: NetName=GND Pin=U19-3
Added Pin To Net: NetName=A_5V Pin=U19-4
Added Pin To Net: NetName=A_5V Pin=U19-5
Added Pin To Net: NetName=-A_5V Pin=U19-7
Added Pin To Net: NetName=-A_5V Pin=U20-4
Added Pin To Net: NetName=GND Pin=U20-5
Added Pin To Net: NetName=A_5V Pin=U20-7
Added Pin To Net: NetName=-A_5V Pin=U21-3
Added Pin To Net: NetName=MARTD Pin=U21-4
Added Pin To Net: NetName=HSRTD Pin=U21-5
Added Pin To Net: NetName=NetR56_2 Pin=U21-10
Added Pin To Net: NetName=TEMP1D Pin=U21-11
Added Pin To Net: NetName=A_5V Pin=U21-12
Added Pin To Net: NetName=GND Pin=U21-13
Added Pin To Net: NetName=-A_5V Pin=U22-4
Added Pin To Net: NetName=GND Pin=U22-5
Added Pin To Net: NetName=A_5V Pin=U22-7
Added Pin To Net: NetName=-A_5V Pin=U23-3
Added Pin To Net: NetName=TEMP2D Pin=U23-4
Added Pin To Net: NetName=A_5V Pin=U23-12
Added Pin To Net: NetName=GND Pin=U23-13
Change Net Name : Old Net Name=NetR12_1 New Net Name=NetR13_1
Change Net Name : Old Net Name=NetR13_2 New Net Name=NetR14_2
Change Net Name : Old Net Name=NetR14_1 New Net Name=NetR16_1
Change Net Name : Old Net Name=NetR15_2 New Net Name=NetR17_2
Change Net Name : Old Net Name=NetR16_1 New Net Name=NetR18_1
Change Net Name : Old Net Name=NetR17_1 New Net Name=NetR19_1
Change Net Name : Old Net Name=NetR18_2 New Net Name=NetR20_2
Change Net Name : Old Net Name=NetR19_1 New Net Name=NetR21_1
Change Net Name : Old Net Name=NetR20_2 New Net Name=NetR22_2
Change Net Name : Old Net Name=NetR21_1 New Net Name=NetR23_1
Change Net Name : Old Net Name=NetR22_2 New Net Name=NetR24_2
Change Net Name : Old Net Name=NetR23_1 New Net Name=NetR25_1
Change Net Name : Old Net Name=NetR24_2 New Net Name=NetR26_2
Change Net Name : Old Net Name=NetR25_2 New Net Name=NetR27_2
Change Net Name : Old Net Name=NetR26_1 New Net Name=NetR30_1
Change Net Name : Old Net Name=NetR29_2 New Net Name=NetR31_2
Change Net Name : Old Net Name=NetR30_2 New Net Name=NetR32_2
Change Net Name : Old Net Name=NetR32_1 New Net Name=NetR34_1
Change Net Name : Old Net Name=NetR35_2 New Net Name=NetR37_2
Change Net Name : Old Net Name=NetR39_1 New Net Name=NetR41_1
Change Net Name : Old Net Name=NetR40_1 New Net Name=NetR42_1
Change Net Name : Old Net Name=NetR41_2 New Net Name=NetR43_2
Change Net Name : Old Net Name=NetR42_2 New Net Name=NetR44_2
Change Net Name : Old Net Name=NetR43_2 New Net Name=NetR45_2
Change Net Name : Old Net Name=NetR44_2 New Net Name=NetR46_2
Change Net Name : Old Net Name=NetR51_1 New Net Name=NetR49_1
Change Net Name : Old Net Name=NetR89_2 New Net Name=NetR70_2
Added Pin To Net: NetName=+5V Pin=U18-8
Added Pin To Net: NetName=+5V Pin=U24-8
Added Net: Name=+5V
Added Pin To Net: NetName=-5V Pin=U18-4
Added Pin To Net: NetName=-5V Pin=U24-4
Added Net: Name=-5V
Added Pin To Net: NetName=AVRS_OUT Pin=U18-5
Added Pin To Net: NetName=AVRS_OUT Pin=U19-1
Added Pin To Net: NetName=AVRS_OUT Pin=U24-3
Added Net: Name=AVRS_OUT
Added Pin To Net: NetName=AVRS Pin=R53-1
Added Pin To Net: NetName=AVRS Pin=R54-2
Added Pin To Net: NetName=AVRS Pin=U19-2
Added Net: Name=AVRS
Added Pin To Net: NetName=NetC106_2 Pin=C106-2
Added Net: Name=NetC106_2
Added Pin To Net: NetName=NetCTRL_SW1_1 Pin=CTRL_SW1-1
Added Pin To Net: NetName=NetCTRL_SW1_1 Pin=U4-124
Added Pin To Net: NetName=NetCTRL_SW1_1 Pin=U19-6
Added Net: Name=NetCTRL_SW1_1
Added Pin To Net: NetName=NetD10_2 Pin=D10-2
Added Pin To Net: NetName=NetD10_2 Pin=R59-1
Added Net: Name=NetD10_2
Added Pin To Net: NetName=NetD11_2 Pin=D11-2
Added Pin To Net: NetName=NetD11_2 Pin=R64-1
Added Net: Name=NetD11_2
Added Pin To Net: NetName=NetQ1_2 Pin=R60-1
Added Pin To Net: NetName=NetQ1_2 Pin=U18-6
Added Net: Name=NetQ1_2
Added Pin To Net: NetName=NetQ2_2 Pin=R65-1
Added Pin To Net: NetName=NetQ2_2 Pin=U24-2
Added Net: Name=NetQ2_2
Added Pin To Net: NetName=NetR12_2 Pin=U5-18
Added Net: Name=NetR12_2
Added Pin To Net: NetName=NetR15_2 Pin=U4-140
Added Net: Name=NetR15_2
Added Pin To Net: NetName=NetR35_1 Pin=R35-1
Added Pin To Net: NetName=NetR35_1 Pin=R36-1
Added Pin To Net: NetName=NetR35_1 Pin=T2-5
Added Net: Name=NetR35_1
Added Pin To Net: NetName=NetR36_2 Pin=R36-2
Added Pin To Net: NetName=NetR36_2 Pin=R38-2
Added Pin To Net: NetName=NetR36_2 Pin=T2-7
Added Net: Name=NetR36_2
Added Pin To Net: NetName=NetR51_2 Pin=R54-1
Added Pin To Net: NetName=NetR51_2 Pin=R55-2
Added Pin To Net: NetName=NetR51_2 Pin=U18-1
Added Pin To Net: NetName=NetR51_2 Pin=U18-2
Added Net: Name=NetR51_2
Added Pin To Net: NetName=NetR52_2 Pin=R52-2
Added Pin To Net: NetName=NetR52_2 Pin=U19-8
Added Net: Name=NetR52_2
Added Pin To Net: NetName=NetR57_1 Pin=R57-1
Added Pin To Net: NetName=NetR57_1 Pin=U20-8
Added Net: Name=NetR57_1
Added Pin To Net: NetName=NetR57_2 Pin=R57-2
Added Pin To Net: NetName=NetR57_2 Pin=U20-1
Added Net: Name=NetR57_2
Added Pin To Net: NetName=NetR58_2 Pin=R58-2
Added Pin To Net: NetName=NetR58_2 Pin=U21-2
Added Net: Name=NetR58_2
Added Pin To Net: NetName=NetR59_2 Pin=R59-2
Added Pin To Net: NetName=NetR59_2 Pin=U18-7
Added Net: Name=NetR59_2
Added Pin To Net: NetName=NetR61_2 Pin=R61-2
Added Pin To Net: NetName=NetR61_2 Pin=U23-10
Added Net: Name=NetR61_2
Added Pin To Net: NetName=NetR62_1 Pin=R62-1
Added Pin To Net: NetName=NetR62_1 Pin=U22-8
Added Net: Name=NetR62_1
Added Pin To Net: NetName=NetR62_2 Pin=R62-2
Added Pin To Net: NetName=NetR62_2 Pin=U22-1
Added Net: Name=NetR62_2
Added Pin To Net: NetName=NetR63_2 Pin=U23-2
Added Net: Name=NetR63_2
Added Pin To Net: NetName=NetR64_2 Pin=R64-2
Added Pin To Net: NetName=NetR64_2 Pin=U24-1
Added Net: Name=NetR64_2
Added Pin To Net: NetName=NetR66_1 Pin=R66-1
Added Pin To Net: NetName=NetR66_1 Pin=R67-1
Added Net: Name=NetR66_1
Added Pin To Net: NetName=NetR68_1 Pin=R68-1
Added Net: Name=NetR68_1
Added Pin To Net: NetName=NetR69_2 Pin=R69-2
Added Net: Name=NetR69_2
Added Pin To Net: NetName=NetR70_1 Pin=R70-1
Added Net: Name=NetR70_1
Added Pin To Net: NetName=NetR71_2 Pin=R71-2
Added Net: Name=NetR71_2
Added Pin To Net: NetName=NetU4_90 Pin=U4-90
Added Pin To Net: NetName=NetU4_90 Pin=U9-112
Added Net: Name=NetU4_90
Added Pin To Net: NetName=NetU4_91 Pin=U4-91
Added Pin To Net: NetName=NetU4_91 Pin=U9-111
Added Net: Name=NetU4_91
Added Pin To Net: NetName=NetU9_113 Pin=U9-113
Added Pin To Net: NetName=NetU9_113 Pin=U21-14
Added Net: Name=NetU9_113
Added Pin To Net: NetName=NetU9_114 Pin=U9-114
Added Pin To Net: NetName=NetU9_114 Pin=U21-1
Added Net: Name=NetU9_114
Added Pin To Net: NetName=NetU9_115 Pin=U9-115
Added Pin To Net: NetName=NetU9_115 Pin=U23-14
Added Net: Name=NetU9_115
Added Pin To Net: NetName=NetU9_116 Pin=U9-116
Added Pin To Net: NetName=NetU9_116 Pin=U23-1
Added Net: Name=NetU9_116
Added Pin To Net: NetName=NetU17_5 Pin=U17-5
Added Pin To Net: NetName=NetU17_5 Pin=U17-6
Added Net: Name=NetU17_5
Added Pin To Net: NetName=NetU20_6 Pin=U20-6
Added Net: Name=NetU20_6
Added Pin To Net: NetName=NetU22_6 Pin=U22-6
Added Net: Name=NetU22_6
Added Pin To Net: NetName=PT1000_D1 Pin=U20-3
Added Pin To Net: NetName=PT1000_D1 Pin=U21-6
Added Net: Name=PT1000_D1
Added Pin To Net: NetName=PT1000_D2 Pin=R55-1
Added Pin To Net: NetName=PT1000_D2 Pin=U22-3
Added Pin To Net: NetName=PT1000_D2 Pin=U23-6
Added Net: Name=PT1000_D2
Added Pin To Net: NetName=PT1000_R1 Pin=R10-1
Added Pin To Net: NetName=PT1000_R1 Pin=R56-1
Added Pin To Net: NetName=PT1000_R1 Pin=U20-2
Added Net: Name=PT1000_R1
Added Pin To Net: NetName=PT1000_R2 Pin=R11-1
Added Pin To Net: NetName=PT1000_R2 Pin=R61-1
Added Pin To Net: NetName=PT1000_R2 Pin=U22-2
Added Net: Name=PT1000_R2
Added Pin To Net: NetName=TEMP3D Pin=J2-13
Added Pin To Net: NetName=TEMP3D Pin=U23-5
Added Net: Name=TEMP3D
Added Pin To Net: NetName=TEMP4D Pin=J2-16
Added Pin To Net: NetName=TEMP4D Pin=U23-11
Added Net: Name=TEMP4D
Added Member To Class: ClassName=U_Assistant_Parameters Member=Component CTRL_SW1 TEST_SMALL
Added Member To Class: ClassName=U_Assistant_Parameters Member=Component D10 M1MA152AT1
Added Member To Class: ClassName=U_Assistant_Parameters Member=Component D11 M1MA152AT1
Added Member To Class: ClassName=Communication_Main Member=Component R10 Res
Added Member To Class: ClassName=Communication_Main Member=Component R11 Res
Added Member To Class: ClassName=U_DSP_R Member=Component S2 TST_LARGE
Added Member To Class: ClassName=U_DSP_R Member=Component U8 DS1233AZ-SOT223
Added Member To Class: ClassName=U_Assistant_Parameters Member=Component U23 ADG1404YRUZ_TSSOP14
Added Member To Class: ClassName=U_Assistant_Parameters Member=Component U24 LT1112IS8#PBF
